Build started 10/5/2015 9:47:21 PM.
     1>Project "C:\Users\Michael\Documents\NEU\Second Year\EECE2560\Project2\Project2\Project2\Project2.vcxproj" on node 2 (Build target(s)).
     1>ClCompile:
         C:\Program Files (x86)\Microsoft Visual Studio 12.0\VC\bin\CL.exe /c /ZI /nologo /W3 /WX- /sdl /Od /Oy- /D WIN32 /D _DEBUG /D _CONSOLE /D _LIB /D _UNICODE /D UNICODE /Gm /EHsc /RTC1 /MDd /GS /fp:precise /Zc:wchar_t /Zc:forScope /Fo"Debug\\" /Fd"Debug\vc120.pdb" /Gd /TP /analyze- /errorReport:prompt main.cpp
         main.cpp
     1>c:\users\michael\documents\neu\second year\eece2560\project2\project2\project2\main.cpp(36): warning C4244: 'argument' : conversion from 'time_t' to 'unsigned int', possible loss of data
     1>c:\users\michael\documents\neu\second year\eece2560\project2\project2\project2\main.cpp(43): warning C4101: 'e' : unreferenced local variable
     1>c:\users\michael\documents\neu\second year\eece2560\project2\project2\project2\main.cpp(48): warning C4101: 'e' : unreferenced local variable
     1>c:\users\michael\documents\neu\second year\eece2560\project2\project2\project2\main.cpp(87): warning C4018: '<' : signed/unsigned mismatch
     1>c:\users\michael\documents\neu\second year\eece2560\project2\project2\project2\main.cpp(89): warning C4018: '<' : signed/unsigned mismatch
     1>c:\users\michael\documents\neu\second year\eece2560\project2\project2\project2\main.cpp(91): warning C4018: '<' : signed/unsigned mismatch
     1>c:\users\michael\documents\neu\second year\eece2560\project2\project2\project2\main.cpp(147): warning C4018: '<' : signed/unsigned mismatch
     1>c:\users\michael\documents\neu\second year\eece2560\project2\project2\project2\main.cpp(162): warning C4018: '<' : signed/unsigned mismatch
       Link:
         C:\Program Files (x86)\Microsoft Visual Studio 12.0\VC\bin\link.exe /ERRORREPORT:PROMPT /OUT:"C:\Users\Michael\Documents\NEU\Second Year\EECE2560\Project2\Project2\Debug\Project2.exe" /INCREMENTAL /NOLOGO kernel32.lib user32.lib gdi32.lib winspool.lib comdlg32.lib advapi32.lib shell32.lib ole32.lib oleaut32.lib uuid.lib odbc32.lib odbccp32.lib /MANIFEST /MANIFESTUAC:"level='asInvoker' uiAccess='false'" /manifest:embed /DEBUG /PDB:"C:\Users\Michael\Documents\NEU\Second Year\EECE2560\Project2\Project2\Debug\Project2.pdb" /SUBSYSTEM:CONSOLE /TLBID:1 /DYNAMICBASE /NXCOMPAT /IMPLIB:"C:\Users\Michael\Documents\NEU\Second Year\EECE2560\Project2\Project2\Debug\Project2.lib" /MACHINE:X86 Debug\card.obj
         Debug\deck.obj
         Debug\main.obj
         Project2.vcxproj -> C:\Users\Michael\Documents\NEU\Second Year\EECE2560\Project2\Project2\Debug\Project2.exe
     1>Done Building Project "C:\Users\Michael\Documents\NEU\Second Year\EECE2560\Project2\Project2\Project2\Project2.vcxproj" (Build target(s)).

Build succeeded.

Time Elapsed 00:00:02.28
